


ARM Macro Assembler    Page 1 


    1 00000000         ; SysTick.s
    2 00000000         ; Module written by: **-UUU-*Your Names**update this***
    3 00000000         ; Date Created: 2/14/2017
    4 00000000         ; Last Modified: 2/12/2018 
    5 00000000         ; Brief Description: Initializes SysTick
    6 00000000         
    7 00000000 E000E010 
                       NVIC_ST_CTRL_R
                               EQU              0xE000E010
    8 00000000 E000E014 
                       NVIC_ST_RELOAD_R
                               EQU              0xE000E014
    9 00000000 E000E018 
                       NVIC_ST_CURRENT_R
                               EQU              0xE000E018
   10 00000000         
   11 00000000                 AREA             |.text|, CODE, READONLY, ALIGN=
2
   12 00000000                 THUMB
   13 00000000         ; -UUU- You add code here to export your routine(s) from
                        SysTick.s to main.s
   14 00000000                 EXPORT           SysTick_Init
   15 00000000         ;------------SysTick_Init------------
   16 00000000         ; ;-UUU-Complete this subroutine
   17 00000000         ; Initialize SysTick running at bus clock.
   18 00000000         ; Make it so NVIC_ST_CURRENT_R can be used as a 24-bit t
                       ime
   19 00000000         ; Input: none
   20 00000000         ; Output: none
   21 00000000         ; Modifies: ??
   22 00000000         SysTick_Init
   23 00000000         ; **-UUU-**Implement this function****
   24 00000000 4908            LDR              R1,=NVIC_ST_CTRL_R ;R1 = &NVIC_
                                                            ST_CTRL_R
   25 00000002 F04F 0000       MOV              R0,#0       ;[R1] = 0
   26 00000006 6008            STR              R0,[R1]
   27 00000008         
   28 00000008 4907            LDR              R1,=NVIC_ST_RELOAD_R ;R1 = &NVI
                                                            C_ST_RELOAD_R
   29 0000000A F06F 407F       MOV              R0,#0X00FFFFFF ;[R1] = MAX RELO
                                                            AD VALUE
   30 0000000E 6008            STR              R0,[R1]
   31 00000010         
   32 00000010 4906            LDR              R1,=NVIC_ST_CURRENT_R ;R1 = &NV
                                                            IC_ST_CURRENT_R
   33 00000012 F04F 0000       MOV              R0,#0       ;[R1] = 0
   34 00000016 6008            STR              R0,[R1]
   35 00000018         
   36 00000018 4902            LDR              R1,=NVIC_ST_CTRL_R ;R1 = &NVIC_
                                                            ST_CTRL_R
   37 0000001A F04F 0005       MOV              R0,#0x05    ;[R1] = 1
   38 0000001E 6008            STR              R0,[R1]
   39 00000020 4770            BX               LR          ; return
   40 00000022         
   41 00000022         
   42 00000022 00 00           ALIGN                        ; make sure the end
                                                             of this section is
                                                             aligned
   43 00000024                 END                          ; end of file



ARM Macro Assembler    Page 2 


              E000E010 
              E000E014 
              E000E018 
Command Line: --debug --xref --cpu=Cortex-M4 --apcs=interwork --depend=.\systic
k.d -o.\systick.o -I"C:\Users\Austin\Desktop\SCHOOL STUFF\Freshman Spring\EE 31
9K\ARM\RV31\INC" -I"C:\Users\Austin\Desktop\SCHOOL STUFF\Freshman Spring\EE 319
K\ARM\CMSIS\Include" -I"C:\Users\Austin\Desktop\SCHOOL STUFF\Freshman Spring\EE
 319K\ARM\Inc\Luminary" --predefine="__EVAL SETA 1" --list=.\systick.lst SysTic
k.s



ARM Macro Assembler    Page 1 Alphabetic symbol ordering
Relocatable symbols

.text 00000000

Symbol: .text
   Definitions
      At line 11 in file SysTick.s
   Uses
      None
Comment: .text unused
SysTick_Init 00000000

Symbol: SysTick_Init
   Definitions
      At line 22 in file SysTick.s
   Uses
      At line 14 in file SysTick.s
Comment: SysTick_Init used once
2 symbols



ARM Macro Assembler    Page 1 Alphabetic symbol ordering
Absolute symbols

NVIC_ST_CTRL_R E000E010

Symbol: NVIC_ST_CTRL_R
   Definitions
      At line 7 in file SysTick.s
   Uses
      At line 24 in file SysTick.s
      At line 36 in file SysTick.s

NVIC_ST_CURRENT_R E000E018

Symbol: NVIC_ST_CURRENT_R
   Definitions
      At line 9 in file SysTick.s
   Uses
      At line 32 in file SysTick.s
Comment: NVIC_ST_CURRENT_R used once
NVIC_ST_RELOAD_R E000E014

Symbol: NVIC_ST_RELOAD_R
   Definitions
      At line 8 in file SysTick.s
   Uses
      At line 28 in file SysTick.s
Comment: NVIC_ST_RELOAD_R used once
3 symbols
338 symbols in table
